Arguments: 
  C:\Program Files\nodejs\node.exe C:\Users\sebas\AppData\Roaming\npm\node_modules\yarn\bin\yarn.js add @openzeppelin/contracts

PATH: 
  C:\Program Files\Common Files\Oracle\Java\javapath;C:\Windows\system32;C:\Windows;C:\Windows\System32\Wbem;C:\Windows\System32\WindowsPowerShell\v1.0\;C:\Windows\System32\OpenSSH;C:\Program Files\NVIDIA Corporation\NVIDIA NvDLISR;C:\Program Files (x86)\NVIDIA Corporation\PhysX\Common;C:\Program Files\PuTTY\;C:\Program Files\Git\cmd;C:\Program Files\dotnet\;C:\Program Files (x86)\Windows Kits\10\Windows Performance Toolkit\;C:\Program Files\OpenSSL-Win64\bin;C:\Users\sebas\AppData\Roaming\nvm;C:\Program Files\nodejs;C:\Program Files\Java\jdk-21;C:\Program Files\Go\bin;C:\Users\sebas\AppData\Local\Microsoft\WindowsApps;C:\Program Files (x86)\Nmap;C:\Users\sebas\AppData\Local\Programs\Microsoft VS Code\bin;C:\Users\sebas\AppData\Roaming\npm;C:\Program Files\MongoDB\Server\6.0\bin;C:\Users\sebas\AppData\Local\Programs\mongosh\;C:\Users\sebas\Downloads\nssm-2.24\nssm-2.24\win64;C:\Users\sebas\AppData\Roaming\nvm;C:\Program Files\nodejs;C:\Program Files\Java\jdk-21;C:\Users\sebas\go\bin

Yarn version: 
  1.22.19

Node version: 
  18.17.1

Platform: 
  win32 x64

Trace: 
  Error: EPERM: operation not permitted, unlink 'C:\Users\sebas\Documents\Projects\UnrealDestiny\Contracts\node_modules\@nomicfoundation\solidity-analyzer-win32-x64-msvc\solidity-analyzer.win32-x64-msvc.node'

npm manifest: 
  {
    "name": "hardhat-project",
    "devDependencies": {
      "@nomicfoundation/hardhat-toolbox": "^4.0.0",
      "hardhat": "^2.20.1"
    }
  }

yarn manifest: 
  No manifest

Lockfile: 
  No lockfile
